#
# There is insufficient memory for the Java Runtime Environment to continue.
# Native memory allocation (mmap) failed to map 255852544 bytes. Error detail: G1 virtual space
# Possible reasons:
#   The system is out of physical RAM or swap space
#   This process is running with CompressedOops enabled, and the Java Heap may be blocking the growth of the native heap
# Possible solutions:
#   Reduce memory load on the system
#   Increase physical memory or swap space
#   Check if swap backing store is full
#   Decrease Java heap size (-Xmx/-Xms)
#   Decrease number of Java threads
#   Decrease Java thread stack sizes (-Xss)
#   Set larger code cache with -XX:ReservedCodeCacheSize=
#   JVM is running with Zero Based Compressed Oops mode in which the Java heap is
#     placed in the first 32GB address space. The Java Heap base address is the
#     maximum limit for the native heap growth. Please use -XX:HeapBaseMinAddress
#     to set the Java Heap base and to place the Java Heap above 32GB virtual address.
# This output file may be truncated or incomplete.
#
#  Out of Memory Error (os_windows.cpp:3926), pid=122136, tid=122552
#
# JRE version:  (21.0.10) (build )
# Java VM: OpenJDK 64-Bit Server VM (21.0.10+-14961533-b1163.108, mixed mode, sharing, tiered, compressed oops, compressed class ptrs, g1 gc, windows-amd64)
# No core dump will be written. Minidumps are not enabled by default on client versions of Windows
#

---------------  S U M M A R Y ------------

Command Line: 

Host: AMD Ryzen 7 7840H w/ Radeon 780M Graphics      , 16 cores, 15G,  Windows 11 , 64 bit Build 26100 (10.0.26100.8246)
Time: Wed Apr 29 23:01:05 2026 elapsed time: 1.031094 seconds (0d 0h 0m 1s)

---------------  T H R E A D  ---------------

Current thread (0x00000237bf4dd640):  JavaThread "Unknown thread" [_thread_in_vm, id=122552, stack(0x000000ff24900000,0x000000ff24a00000) (1024K)]

Stack: [0x000000ff24900000,0x000000ff24a00000]
Native frames: (J=compiled Java code, j=interpreted, Vv=VM code, C=native code)
V  [jvm.dll+0x6d78a9]
V  [jvm.dll+0x8665b3]
V  [jvm.dll+0x868bde]
V  [jvm.dll+0x8692c3]
V  [jvm.dll+0x280ee6]
V  [jvm.dll+0x6d4165]
V  [jvm.dll+0x6c77fa]
V  [jvm.dll+0x358f4b]
V  [jvm.dll+0x360bc6]
V  [jvm.dll+0x3b2ea6]
V  [jvm.dll+0x3b3178]
V  [jvm.dll+0x32b65c]
V  [jvm.dll+0x32c34b]
V  [jvm.dll+0x82f449]
V  [jvm.dll+0x3c0078]
V  [jvm.dll+0x8185e8]
V  [jvm.dll+0x45449e]
V  [jvm.dll+0x455c01]
C  [jli.dll+0x52ab]
C  [ucrtbase.dll+0x37b0]
C  [KERNEL32.DLL+0x2e8d7]
C  [ntdll.dll+0x8c3fc]


---------------  P R O C E S S  ---------------

Threads class SMR info:
_java_thread_list=0x00007ff80810b9c8, length=0, elements={
}

Java Threads: ( => current thread )
Total: 0

Other Threads:
  0x00000237bf5449f0 WorkerThread "GC Thread#0"                     [id=123960, stack(0x000000ff24a00000,0x000000ff24b00000) (1024K)]
  0x00000237d8cf7a20 ConcurrentGCThread "G1 Main Marker"            [id=131436, stack(0x000000ff24b00000,0x000000ff24c00000) (1024K)]
  0x00000237d8cf85a0 WorkerThread "G1 Conc#0"                       [id=104456, stack(0x000000ff24c00000,0x000000ff24d00000) (1024K)]

[error occurred during error reporting (printing all threads), id 0xc0000005, EXCEPTION_ACCESS_VIOLATION (0xc0000005) at pc=0x00007ff8078fe637]
VM state: not at safepoint (not fully initialized)

VM Mutex/Monitor currently owned by a thread:  ([mutex/lock_event])
[0x00007ff8081787d0] Heap_lock - owner thread: 0x00000237bf4dd640

Heap address: 0x000000070ce00000, size: 3890 MB, Compressed Oops mode: Zero based, Oop shift amount: 3

CDS archive(s) mapped at: [0x0000000000000000-0x0000000000000000-0x0000000000000000), size 0, SharedBaseAddress: 0x0000000800000000, ArchiveRelocationMode: 1.
Narrow klass base: 0x0000000000000000, Narrow klass shift: 0, Narrow klass range: 0x0

GC Precious Log:
 CardTable entry size: 512
 Card Set container configuration: InlinePtr #cards 4 size 8 Array Of Cards #cards 16 size 48 Howl #buckets 8 coarsen threshold 3686 Howl Bitmap #cards 512 size 80 coarsen threshold 460 Card regions per heap region 1 cards per card region 4096

Heap:
 garbage-first heap   total 0K, used 0K [0x000000070ce00000, 0x0000000800000000)
  region size 2048K, 0 young (0K), 0 survivors (0K)
 Metaspace       used 0K, committed 0K, reserved 0K
  class space    used 0K, committed 0K, reserved 0K

Heap Regions: E=young(eden), S=young(survivor), O=old, HS=humongous(starts), HC=humongous(continues), CS=collection set, F=free, TAMS=top-at-mark-start, PB=parsable bottom

Card table byte_map: [0x00000237d47c0000,0x00000237d4f60000] _byte_map_base: 0x00000237d0f59000

Marking Bits: (CMBitMap*) 0x00000237bf545000
 Bits: [0x00000237d4f60000, 0x00000237d8c28000)

GC Heap History (0 events):
No events

Dll operation events (1 events):
Event: 0.004 Loaded shared library G:\AndroidStudio\jbr\bin\java.dll

Deoptimization events (0 events):
No events

Classes loaded (0 events):
No events

Classes unloaded (0 events):
No events

Classes redefined (0 events):
No events

Internal exceptions (0 events):
No events

ZGC Phase Switch (0 events):
No events

VM Operations (0 events):
No events

Memory protections (0 events):
No events

Nmethod flushes (0 events):
No events

Events (0 events):
No events


Dynamic libraries:
0x00007ff62a750000 - 0x00007ff62a75a000 	G:\AndroidStudio\jbr\bin\java.EXE
0x00007ff921200000 - 0x00007ff921467000 	C:\WINDOWS\SYSTEM32\ntdll.dll
0x00007ff91f110000 - 0x00007ff91f1d9000 	C:\WINDOWS\System32\KERNEL32.DLL
0x00007ff91ddc0000 - 0x00007ff91e1b4000 	C:\WINDOWS\System32\KERNELBASE.dll
0x00007ff91eba0000 - 0x00007ff91eceb000 	C:\WINDOWS\System32\ucrtbase.dll
0x00007ff8d7840000 - 0x00007ff8d7858000 	G:\AndroidStudio\jbr\bin\jli.dll
0x00007ff9156f0000 - 0x00007ff91570b000 	G:\AndroidStudio\jbr\bin\VCRUNTIME140.dll
0x00007ff91f2a0000 - 0x00007ff91f465000 	C:\WINDOWS\System32\USER32.dll
0x00007ff91ef60000 - 0x00007ff91ef87000 	C:\WINDOWS\System32\win32u.dll
0x00007ff908300000 - 0x00007ff908593000 	C:\WINDOWS\WinSxS\amd64_microsoft.windows.common-controls_6595b64144ccf1df_6.0.26100.8115_none_3e075c82e3354f9c\COMCTL32.dll
0x00007ff91efb0000 - 0x00007ff91efdb000 	C:\WINDOWS\System32\GDI32.dll
0x00007ff91fd60000 - 0x00007ff91fe09000 	C:\WINDOWS\System32\msvcrt.dll
0x00007ff91ed80000 - 0x00007ff91eeab000 	C:\WINDOWS\System32\gdi32full.dll
0x00007ff91eeb0000 - 0x00007ff91ef53000 	C:\WINDOWS\System32\msvcp_win.dll
0x00007ff920220000 - 0x00007ff920252000 	C:\WINDOWS\System32\IMM32.DLL
0x00007ff80fee0000 - 0x00007ff80ffd2000 	G:\Program Files (x86)\Windhawk\Engine\1.7.3\64\windhawk.dll
0x00007ff91f1e0000 - 0x00007ff91f296000 	C:\WINDOWS\System32\ADVAPI32.dll
0x00007ff920290000 - 0x00007ff920337000 	C:\WINDOWS\System32\sechost.dll
0x00007ff91efe0000 - 0x00007ff91f0f8000 	C:\WINDOWS\System32\RPCRT4.dll
0x00007ff80f2e0000 - 0x00007ff80f30a000 	G:\Program Files (x86)\Windhawk\AppData\Engine\Mods\64\explorer-details-better-file-sizes_1.5_106469.dll
0x00007ff920440000 - 0x00007ff9205d7000 	C:\WINDOWS\System32\ole32.dll
0x00007ff9205e0000 - 0x00007ff920962000 	C:\WINDOWS\System32\combase.dll
0x00007ff91ff60000 - 0x00007ff920038000 	C:\WINDOWS\System32\OLEAUT32.dll
0x00007ff91f480000 - 0x00007ff91fbe7000 	C:\WINDOWS\System32\SHELL32.dll
0x00007ff91dad0000 - 0x00007ff91dc3a000 	C:\WINDOWS\System32\wintypes.dll
0x00007ff80f350000 - 0x00007ff80f4f9000 	G:\Program Files (x86)\Windhawk\AppData\Engine\Mods\64\libc++.whl
0x00007ff919460000 - 0x00007ff919563000 	C:\WINDOWS\SYSTEM32\PROPSYS.dll
0x00007ff80f310000 - 0x00007ff80f34a000 	G:\Program Files (x86)\Windhawk\AppData\Engine\Mods\64\libunwind.whl
0x00007ff91e270000 - 0x00007ff91ead8000 	C:\WINDOWS\System32\windows.storage.dll
0x00007ff8188e0000 - 0x00007ff8188fa000 	G:\Program Files (x86)\Windhawk\AppData\Engine\Mods\64\dark-menus_1.4.2_768974.dll
0x00007ff91b550000 - 0x00007ff91b5f9000 	C:\WINDOWS\SYSTEM32\UxTheme.dll
0x00007ff9133e0000 - 0x00007ff9133ec000 	G:\AndroidStudio\jbr\bin\vcruntime140_1.dll
0x00007ff86c6d0000 - 0x00007ff86c75d000 	G:\AndroidStudio\jbr\bin\msvcp140.dll
0x00007ff8075c0000 - 0x00007ff808256000 	G:\AndroidStudio\jbr\bin\server\jvm.dll
0x00007ff920970000 - 0x00007ff9209f0000 	C:\WINDOWS\System32\WS2_32.dll
0x00007ff91d930000 - 0x00007ff91d98e000 	C:\WINDOWS\SYSTEM32\POWRPROF.dll
0x00007ff9140f0000 - 0x00007ff9140fb000 	C:\WINDOWS\SYSTEM32\VERSION.dll
0x00007ff90e4b0000 - 0x00007ff90e4e6000 	C:\WINDOWS\SYSTEM32\WINMM.dll
0x00007ff91d910000 - 0x00007ff91d924000 	C:\WINDOWS\SYSTEM32\UMPDC.dll
0x00007ff91c860000 - 0x00007ff91c87b000 	C:\WINDOWS\SYSTEM32\kernel.appcore.dll
0x00007ff911880000 - 0x00007ff91188a000 	G:\AndroidStudio\jbr\bin\jimage.dll
0x00007ff912820000 - 0x00007ff912a62000 	C:\WINDOWS\SYSTEM32\DBGHELP.DLL
0x00007ff8fc310000 - 0x00007ff8fc34b000 	C:\WINDOWS\SYSTEM32\dbgcore.DLL
0x00007ff91e1c0000 - 0x00007ff91e265000 	C:\WINDOWS\System32\bcryptPrimitives.dll
0x00007ff8eb950000 - 0x00007ff8eb970000 	G:\AndroidStudio\jbr\bin\java.dll

JVMTI agents: none

dbghelp: loaded successfully - version: 4.0.5 - missing functions: none
symbol engine: initialized successfully - sym options: 0x614 - pdb path: .;G:\AndroidStudio\jbr\bin;C:\WINDOWS\SYSTEM32;C:\WINDOWS\WinSxS\amd64_microsoft.windows.common-controls_6595b64144ccf1df_6.0.26100.8115_none_3e075c82e3354f9c;G:\Program Files (x86)\Windhawk\Engine\1.7.3\64;G:\Program Files (x86)\Windhawk\AppData\Engine\Mods\64;G:\AndroidStudio\jbr\bin\server

VM Arguments:
java_command: <unknown>
java_class_path (initial): <not set>
Launcher Type: SUN_STANDARD

[Global flags]
     intx CICompilerCount                          = 12                                        {product} {ergonomic}
     uint ConcGCThreads                            = 3                                         {product} {ergonomic}
     uint G1ConcRefinementThreads                  = 13                                        {product} {ergonomic}
   size_t G1HeapRegionSize                         = 2097152                                   {product} {ergonomic}
    uintx GCDrainStackTargetSize                   = 64                                        {product} {ergonomic}
   size_t InitialHeapSize                          = 255852544                                 {product} {ergonomic}
   size_t MarkStackSize                            = 4194304                                   {product} {ergonomic}
   size_t MaxHeapSize                              = 4078960640                                {product} {ergonomic}
   size_t MinHeapDeltaBytes                        = 2097152                                   {product} {ergonomic}
   size_t MinHeapSize                              = 8388608                                   {product} {ergonomic}
    uintx NonNMethodCodeHeapSize                   = 7602480                                {pd product} {ergonomic}
    uintx NonProfiledCodeHeapSize                  = 122027880                              {pd product} {ergonomic}
    uintx ProfiledCodeHeapSize                     = 122027880                              {pd product} {ergonomic}
    uintx ReservedCodeCacheSize                    = 251658240                              {pd product} {ergonomic}
     bool SegmentedCodeCache                       = true                                      {product} {ergonomic}
   size_t SoftMaxHeapSize                          = 4078960640                             {manageable} {ergonomic}
     bool UseCompressedOops                        = true                           {product lp64_product} {ergonomic}
     bool UseG1GC                                  = true                                      {product} {ergonomic}
     bool UseLargePagesIndividualAllocation        = false                                  {pd product} {ergonomic}

Logging:
Log output configuration:
 #0: stdout all=warning uptime,level,tags foldmultilines=false
 #1: stderr all=off uptime,level,tags foldmultilines=false

Release file:
<release file has not been read>
Environment Variables:
PATH=C:\Users\Mark\AppData\Local\Programs\Microsoft VS Code;C:\Program Files\Common Files\Oracle\Java\javapath;C:\Program Files (x86)\Common Files\Oracle\Java\javapath;C:\Program Files\Eclipse Adoptium\jdk-17.0.1.12-hotspot\bin;C:\Program Files (x86)\Common Files\Intel\Shared Libraries\redist\intel64\compiler;C:\WINDOWS\system32;C:\WINDOWS;C:\WINDOWS\System32\Wbem;C:\WINDOWS\System32\WindowsPowerShell\v1.0\;C:\WINDOWS\System32\OpenSSH\;C:\Program Files (x86)\NVIDIA Corporation\PhysX\Common;C:\Program Files\nodejs\;C:\Program Files\dotnet\;C:\Program Files\Docker\Docker\resources\bin;C:\Program Files\NVIDIA Corporation\NVIDIA App\NvDLISR;D:\Program Files (x86)\Seelen UI;C:\Program Files\Git\cmd;C:\Program Files\Common Files\Oracle\Java\javapath;C:\Program Files (x86)\Common Files\Oracle\Java\javapath;C:\Program Files\Eclipse Adoptium\jdk-17.0.1.12-hotspot\bin;C:\Program Files (x86)\Common Files\Intel\Shared Libraries\redist\intel64\compiler;C:\WINDOWS\system32;C:\WINDOWS;C:\WINDOWS\System32\Wbem;C:\WINDOWS\System32\WindowsPowerShell\v1.0\;C:\WINDOWS\System32\OpenSSH\;C:\Program Files (x86)\NVIDIA Corporation\PhysX\Common;C:\Program Files\Git\cmd;C:\Program Files\nodejs\;C:\Program Files\dotnet\;C:\Program Files\Docker\Docker\resources\bin;C:\Program Files\NVIDIA Corporation\NVIDIA App\NvDLISR;C:\Users\Mark\AppData\Local\Programs\Python\Python312\Scripts\;C:\Users\Mark\AppData\Local\Programs\Python\Python312\;C:\Users\Mark\AppData\Local\Programs\Python\Launcher\;C:\Users\Mark\AppData\Local\Microsoft\WindowsApps;D:\Program Files (x86)\PyCharm\PyCharm Community Edition 2023.3.1\bin;C:\Users\Mark\AppData\Local\Programs\Microsoft VS Code\bin;C:\Users\Mark\AppData\Roaming\npm;C:\Users\Mark\.dotnet\tools;d:\program files (x86)\steam\ext\bin;C:\Users\Mark\AppData\Local\PowerToys\DSCModules\;C:\Users\Mark\AppData\Local\Microsoft\WinGet\Links;D:\flutter\bin;;D:\flutter\bin\mingit\cmd
USERNAME=Mark
LANG=en_US.UTF-8
OS=Windows_NT
PROCESSOR_IDENTIFIER=AMD64 Family 25 Model 116 Stepping 1, AuthenticAMD
TMP=C:\Users\Mark\AppData\Local\Temp
TEMP=C:\Users\Mark\AppData\Local\Temp




Periodic native trim disabled

JNI global refs:
JNI global refs: 0, weak refs: 0

JNI global refs memory usage: 0, weak refs: 0

Process memory usage:
Resident Set Size: 16156K (0% of 15927668K total physical memory with 566240K free physical memory)

OOME stack traces (most recent first):
Classloader memory used:

---------------  S Y S T E M  ---------------

OS:
 Windows 11 , 64 bit Build 26100 (10.0.26100.8246)
OS uptime: 0 days 8:09 hours
Hyper-V role detected

CPU: total 16 (initial active 16) (16 cores per cpu, 2 threads per core) family 25 model 116 stepping 1 microcode 0xa704103, cx8, cmov, fxsr, ht, mmx, 3dnowpref, sse, sse2, sse3, ssse3, sse4a, sse4.1, sse4.2, popcnt, lzcnt, tsc, tscinvbit, avx, avx2, aes, erms, clmul, bmi1, bmi2, adx, avx512f, avx512dq, avx512cd, avx512bw, avx512vl, sha, fma, vzeroupper, avx512_vpopcntdq, avx512_vpclmulqdq, avx512_vaes, avx512_vnni, clflush, clflushopt, avx512_vbmi2, avx512_vbmi, hv, rdtscp, rdpid, gfni, avx512_bitalg, f16c, cet_ss, avx512_ifma
Processor Information for the first 16 processors :
  Max Mhz: 3801, Current Mhz: 3801, Mhz Limit: 3801

Memory: 4k page, system-wide physical 15554M (552M free)
TotalPageFile size 47554M (AvailPageFile size 221M)
current process WorkingSet (physical memory assigned to process): 15M, peak: 15M
current process commit charge ("private bytes"): 71M, peak: 315M

vm_info: OpenJDK 64-Bit Server VM (21.0.10+-14961533-b1163.108) for windows-amd64 JRE (21.0.10+-14961533-b1163.108), built on 2026-03-02T19:58:50Z by "builder" with MS VC++ 16.10 / 16.11 (VS2019)

END.
